<?xml version="1.0" encoding="UTF-8" standalone="no"?>
<?xml-stylesheet type="text/xsl" href="../../jgenhtml.xsl"?><coverage branch-rate="NaN" branches-covered="0" branches-valid="0" complexity="0" date="2020-09-18" filename="user.dart" function-rate="NaN" functions-covered="0" functions-valid="0" line-rate="0.33333334" lines-covered="1" lines-valid="3" package="/domain/entities" testname="lcov.info" version="1.5">
<lines>
<line>
<code>import 'package:equatable/equatable.dart';</code>
</line>
<line>
<code/>
</line>
<line>
<code>class User extends Equatable {</code>
</line>
<line>
<code>  final String id;</code>
</line>
<line>
<code>  final DateTime createAt;</code>
</line>
<line>
<code>  final String name;</code>
</line>
<line>
<code>  final String avatar;</code>
</line>
<line>
<code/>
</line>
<line hits="2">
<code>  User({this.id, this.createAt, this.name, this.avatar});</code>
<hit count="2" name="&lt;unnamed&gt;"/>
</line>
<line>
<code/>
</line>
<line hits="0">
<code>  @override</code>
</line>
<line hits="0">
<code>  List&lt;Object&gt; get props =&gt; [id, createAt, name, avatar];</code>
</line>
<line>
<code>}</code>
</line>
</lines>
<config branch-coverage="true" description-file="false" function-coverage="true" genhtml_hi_limit="90" genhtml_med_limit="75" legend="false" no-sort="false" no-source="false"/>
<base href="../../"/>
<base href="../../"/>
</coverage>
