<?xml version="1.0" encoding="UTF-8" standalone="no"?>
<?xml-stylesheet type="text/xsl" href="../../jgenhtml.xsl"?><coverage branch-rate="NaN" branches-covered="0" branches-valid="0" complexity="0" date="2020-09-18" filename="i_use_case.dart" function-rate="NaN" functions-covered="0" functions-valid="0" line-rate="0.0" lines-covered="0" lines-valid="2" package="/core/domain" testname="lcov.info" version="1.5">
<lines>
<line>
<code>import 'package:dartz/dartz.dart';</code>
</line>
<line>
<code>import 'package:equatable/equatable.dart';</code>
</line>
<line>
<code>import 'package:miccional_app/core/errors/failures.dart';</code>
</line>
<line>
<code/>
</line>
<line>
<code>abstract class IUseCase&lt;Type, Params&gt; {</code>
</line>
<line>
<code>  Future&lt;Either&lt;Failure, Type&gt;&gt; call(Params params);</code>
</line>
<line>
<code>}</code>
</line>
<line>
<code/>
</line>
<line>
<code>class NoParams extends Equatable {</code>
</line>
<line hits="0">
<code>  @override</code>
</line>
<line hits="0">
<code>  List&lt;Object&gt; get props =&gt; [];</code>
</line>
<line>
<code>}</code>
</line>
</lines>
<config branch-coverage="true" description-file="false" function-coverage="true" genhtml_hi_limit="90" genhtml_med_limit="75" legend="false" no-sort="false" no-source="false"/>
<base href="../../"/>
<base href="../../"/>
</coverage>
