<?xml version="1.0" encoding="UTF-8" standalone="no"?>
<?xml-stylesheet type="text/xsl" href="../../jgenhtml.xsl"?><coverage branch-rate="NaN" branches-covered="0" branches-valid="0" complexity="0" date="2020-09-18" filename="index" function-rate="NaN" functions-covered="0" functions-valid="0" line-rate="0.0" lines-covered="0" lines-valid="2" package="/core/domain" testname="lcov.info" version="1.5">
<sources>
<source branches-hit="0" branches-valid="0" filename="i_use_case.dart" functions-hit="0" functions-valid="0" lines-hit="0" lines-valid="2" prefix="/Users/carlo/repositories/miccional_app/lib"/>
</sources>
<config branch-coverage="true" description-file="false" function-coverage="true" genhtml_hi_limit="90" genhtml_med_limit="75" legend="false" no-sort="false" no-source="false"/>
<base href="../../"/>
<base href="../../"/>
</coverage>
