<?xml version="1.0" encoding="UTF-8" standalone="no"?>
<?xml-stylesheet type="text/xsl" href="../../jgenhtml.xsl"?><coverage branch-rate="NaN" branches-covered="0" branches-valid="0" complexity="0" date="2020-09-18" filename="index" function-rate="NaN" functions-covered="0" functions-valid="0" line-rate="0.8095238" lines-covered="17" lines-valid="21" package="/core/di" testname="lcov.info" version="1.5">
<sources>
<source branches-hit="0" branches-valid="0" filename="injectable.config.dart" functions-hit="0" functions-valid="0" lines-hit="12" lines-valid="14" prefix="/Users/carlo/repositories/miccional_app/lib">
<testCase branch-hit="0" function-hit="0" line-hit="12" name="&lt;unnamed&gt;"/>
</source>
<source branches-hit="0" branches-valid="0" filename="injectable.dart" functions-hit="0" functions-valid="0" lines-hit="3" lines-valid="3" prefix="/Users/carlo/repositories/miccional_app/lib">
<testCase branch-hit="0" function-hit="0" line-hit="3" name="&lt;unnamed&gt;"/>
</source>
<source branches-hit="0" branches-valid="0" filename="register_modules.dart" functions-hit="0" functions-valid="0" lines-hit="2" lines-valid="4" prefix="/Users/carlo/repositories/miccional_app/lib">
<testCase branch-hit="0" function-hit="0" line-hit="2" name="&lt;unnamed&gt;"/>
</source>
</sources>
<config branch-coverage="true" description-file="false" function-coverage="true" genhtml_hi_limit="90" genhtml_med_limit="75" legend="false" no-sort="false" no-source="false"/>
<base href="../../"/>
<base href="../../"/>
</coverage>
