<?xml version="1.0" encoding="UTF-8" standalone="no"?>
<?xml-stylesheet type="text/xsl" href="../../jgenhtml.xsl"?><coverage branch-rate="NaN" branches-covered="0" branches-valid="0" complexity="0" date="2020-09-18" filename="injectable.dart" function-rate="NaN" functions-covered="0" functions-valid="0" line-rate="1.0" lines-covered="3" lines-valid="3" package="/core/di" testname="lcov.info" version="1.5">
<lines>
<line>
<code>import 'package:get_it/get_it.dart';</code>
</line>
<line>
<code>import 'package:injectable/injectable.dart';</code>
</line>
<line>
<code>import 'package:miccional_app/core/di/injectable.config.dart';</code>
</line>
<line>
<code/>
</line>
<line hits="6">
<code>final getIt = GetIt.instance;</code>
<hit count="6" name="&lt;unnamed&gt;"/>
</line>
<line>
<code/>
</line>
<line hits="2">
<code>@InjectableInit(</code>
<hit count="2" name="&lt;unnamed&gt;"/>
</line>
<line>
<code>  initializerName: r'$initGetIt', // default</code>
</line>
<line>
<code>  preferRelativeImports: true, // default</code>
</line>
<line>
<code>  asExtension: false, // default</code>
</line>
<line>
<code>)</code>
</line>
<line>
<code>void configureDependencies(String environment) =&gt;</code>
</line>
<line hits="4">
<code>    $initGetIt(getIt, environment: environment);</code>
<hit count="4" name="&lt;unnamed&gt;"/>
</line>
</lines>
<config branch-coverage="true" description-file="false" function-coverage="true" genhtml_hi_limit="90" genhtml_med_limit="75" legend="false" no-sort="false" no-source="false"/>
<base href="../../"/>
<base href="../../"/>
</coverage>
