SF:lib\core\di\injectable.dart
DA:5,6
DA:7,2
DA:13,4
LF:3
LH:3
end_of_record
SF:lib\core\domain\i_use_case.dart
DA:10,0
DA:11,0
LF:2
LH:0
end_of_record
SF:lib\domain\entities\user.dart
DA:9,2
DA:11,0
DA:12,0
LF:3
LH:1
end_of_record
SF:lib\domain\use_cases\list_all_users.dart
DA:12,1
DA:14,1
DA:16,2
LF:3
LH:3
end_of_record
SF:lib\core\di\injectable.config.dart
DA:26,2
DA:31,2
DA:32,2
DA:33,2
DA:34,2
DA:35,2
DA:36,4
DA:38,5
DA:39,4
DA:41,2
DA:42,0
DA:44,2
DA:45,0
DA:46,2
LF:14
LH:12
end_of_record
SF:lib\core\di\register_modules.dart
DA:11,1
DA:13,1
DA:15,0
DA:17,0
LF:4
LH:2
end_of_record
SF:lib\presenter\pages\first_page\first_page.dart
DA:12,0
DA:14,0
DA:15,0
DA:17,0
DA:18,0
DA:19,0
DA:21,0
DA:22,0
DA:23,0
DA:24,0
DA:25,0
DA:26,0
DA:27,0
DA:28,0
DA:29,0
DA:34,0
DA:35,0
DA:36,0
DA:37,0
DA:38,0
LF:20
LH:0
end_of_record
SF:lib\presenter\pages\first_page\first_page_controller.dart
DA:16,0
DA:23,0
DA:24,0
DA:25,0
DA:33,0
DA:34,0
DA:35,0
LF:7
LH:0
end_of_record
SF:lib\presenter\pages\first_page\first_page_controller.g.dart
DA:14,0
DA:16,0
DA:17,0
DA:20,0
DA:22,0
DA:23,0
DA:30,0
DA:32,0
DA:35,0
DA:38,0
DA:39,0
LF:11
LH:0
end_of_record
SF:lib\infrastructure\data_sources\mock_api.g.dart
DA:10,0
DA:11,0
DA:12,0
DA:20,0
DA:22,0
DA:23,0
DA:24,0
DA:26,0
DA:28,0
DA:30,0
DA:32,0
DA:33,0
DA:34,0
LF:13
LH:0
end_of_record
SF:lib\infrastructure\repositories\user_repository.dart
DA:17,1
DA:19,0
DA:22,0
DA:25,0
DA:28,0
DA:32,0
DA:35,0
DA:39,1
DA:41,3
DA:42,1
DA:43,0
DA:44,0
DA:45,0
DA:46,0
DA:50,0
DA:53,0
LF:16
LH:4
end_of_record
SF:lib\core\errors\failures.dart
DA:9,0
DA:11,0
DA:12,0
DA:16,0
DA:17,0
LF:5
LH:0
end_of_record
SF:lib\infrastructure\models\user_model.dart
DA:8,1
DA:13,1
DA:15,0
DA:16,0
DA:18,0
LF:5
LH:2
end_of_record
SF:lib\infrastructure\models\user_model.g.dart
DA:9,0
DA:10,0
DA:11,0
DA:12,0
DA:14,0
DA:15,0
DA:16,0
DA:20,0
DA:21,0
DA:22,0
DA:23,0
DA:24,0
LF:12
LH:0
end_of_record
